<?xml version="1.0" encoding="UTF-8"?>
<!-- Generated by org.testng.reporters.JUnitReportReporter -->
<testsuite skipped="0" hostname="SHASHIPRAKASHT-w8" name="Academy.E2EProject.ContactNevigation" tests="1" failures="0" timestamp="19 Jun 2020 11:58:58 GMT" time="4.201" errors="0">
  <testcase name="getHomePage" time="4.201" classname="Academy.E2EProject.ContactNevigation"/>
</testsuite> <!-- Academy.E2EProject.ContactNevigation -->
