<?xml version="1.0" encoding="UTF-8"?>
<!-- Generated by org.testng.reporters.JUnitReportReporter -->
<testsuite skipped="0" hostname="SHASHIPRAKASHT-w8" name="Academy.E2EProject.HomePage" tests="2" failures="0" timestamp="19 Jun 2020 11:58:58 GMT" time="38.217" errors="0">
  <testcase name="getHomePage" time="22.012" classname="Academy.E2EProject.HomePage"/>
  <testcase name="getHomePage" time="16.205" classname="Academy.E2EProject.HomePage"/>
</testsuite> <!-- Academy.E2EProject.HomePage -->
