<?xml version="1.0" encoding="UTF-8"?>
<!-- Generated by org.testng.reporters.JUnitReportReporter -->
<testsuite skipped="0" hostname="SHASHIPRAKASHT-w8" name="Academy.E2EProject.ContactNevigation" tests="1" failures="0" timestamp="23 Jun 2020 05:04:57 GMT" time="3.248" errors="0">
  <testcase name="getHomePage" time="3.248" classname="Academy.E2EProject.ContactNevigation"/>
</testsuite> <!-- Academy.E2EProject.ContactNevigation -->
